<?xml version="1.0" encoding="UTF-8"?>
<testsuite xmlns:xsi="http://www.w3.org/2001/XMLSchema-instance" xsi:noNamespaceSchemaLocation="https://maven.apache.org/surefire/maven-surefire-plugin/xsd/surefire-test-report-3.0.xsd" version="3.0" name="JwtUtilsTest" time="0.295" tests="2" errors="0" skipped="0" failures="0">
  <properties>
[...]
</properties>
  <testcase name="testGenerateToken" classname="JwtUtilsTest" time="0.25">
    <system-out><![CDATA[eyJhbGciOiJIUzI1NiJ9.eyJzdWIiOiIxMjMiLCJpYXQiOjE3MTU2NzY3NTQsImV4cCI6MTcxNTc2MzE1NH0.43EZArZ6VWWw29sJuxgrWbAr1Cb78Kzwq-ST8CExnYA
]]></system-out>
  </testcase>
  <testcase name="testValidateAndGetOpenId" classname="JwtUtilsTest" time="0.021">
    <system-out><![CDATA[123
]]></system-out>
  </testcase>
</testsuite>